<?xml version="1.0" encoding="UTF-8"?>
<testsuite xmlns:xsi="http://www.w3.org/2001/XMLSchema-instance" xsi:noNamespaceSchemaLocation="https://maven.apache.org/surefire/maven-surefire-plugin/xsd/surefire-test-report.xsd" name="com.manning.junitbook.CalculatorTest" time="0.016" tests="1" errors="0" skipped="0" failures="0">
  <properties>
    <property name="sun.desktop" value="windows"/>
    <property name="awt.toolkit" value="sun.awt.windows.WToolkit"/>
    <property name="file.encoding.pkg" value="sun.io"/>
    <property name="java.specification.version" value="1.8"/>
    <property name="sun.cpu.isalist" value="amd64"/>
    <property name="sun.jnu.encoding" value="Cp1252"/>
    <property name="java.class.path" value="C:\dev\junit-in-action-3rd-edition\ch01-jumpstart\target\test-classes;C:\dev\junit-in-action-3rd-edition\ch01-jumpstart\target\classes;C:\Users\fshabani\.m2\repository\junit\junit\3.8.1\junit-3.8.1.jar;C:\Users\fshabani\.m2\repository\org\junit\jupiter\junit-jupiter-api\5.6.0\junit-jupiter-api-5.6.0.jar;C:\Users\fshabani\.m2\repository\org\apiguardian\apiguardian-api\1.1.0\apiguardian-api-1.1.0.jar;C:\Users\fshabani\.m2\repository\org\opentest4j\opentest4j\1.2.0\opentest4j-1.2.0.jar;C:\Users\fshabani\.m2\repository\org\junit\platform\junit-platform-commons\1.6.0\junit-platform-commons-1.6.0.jar;C:\Users\fshabani\.m2\repository\org\junit\jupiter\junit-jupiter-engine\5.6.0\junit-jupiter-engine-5.6.0.jar;C:\Users\fshabani\.m2\repository\org\junit\platform\junit-platform-engine\1.6.0\junit-platform-engine-1.6.0.jar;"/>
    <property name="java.vm.vendor" value="Amazon.com Inc."/>
    <property name="sun.arch.data.model" value="64"/>
    <property name="user.variant" value=""/>
    <property name="java.vendor.url" value="https://aws.amazon.com/corretto/"/>
    <property name="user.timezone" value="Europe/Belgrade"/>
    <property name="java.vm.specification.version" value="1.8"/>
    <property name="os.name" value="Windows 11"/>
    <property name="user.country" value="US"/>
    <property name="sun.java.launcher" value="SUN_STANDARD"/>
    <property name="sun.boot.library.path" value="C:\Program Files\Java\jdk1.8.0_412\jre\bin"/>
    <property name="sun.java.command" value="C:\Users\fshabani\AppData\Local\Temp\surefire946679535273897992\surefirebooter4445755055956107782.jar C:\Users\fshabani\AppData\Local\Temp\surefire946679535273897992 2025-05-19T15-09-15_172-jvmRun1 surefire7134511887987394001tmp surefire_05260633781119051353tmp"/>
    <property name="surefire.test.class.path" value="C:\dev\junit-in-action-3rd-edition\ch01-jumpstart\target\test-classes;C:\dev\junit-in-action-3rd-edition\ch01-jumpstart\target\classes;C:\Users\fshabani\.m2\repository\junit\junit\3.8.1\junit-3.8.1.jar;C:\Users\fshabani\.m2\repository\org\junit\jupiter\junit-jupiter-api\5.6.0\junit-jupiter-api-5.6.0.jar;C:\Users\fshabani\.m2\repository\org\apiguardian\apiguardian-api\1.1.0\apiguardian-api-1.1.0.jar;C:\Users\fshabani\.m2\repository\org\opentest4j\opentest4j\1.2.0\opentest4j-1.2.0.jar;C:\Users\fshabani\.m2\repository\org\junit\platform\junit-platform-commons\1.6.0\junit-platform-commons-1.6.0.jar;C:\Users\fshabani\.m2\repository\org\junit\jupiter\junit-jupiter-engine\5.6.0\junit-jupiter-engine-5.6.0.jar;C:\Users\fshabani\.m2\repository\org\junit\platform\junit-platform-engine\1.6.0\junit-platform-engine-1.6.0.jar;"/>
    <property name="sun.cpu.endian" value="little"/>
    <property name="user.home" value="C:\Users\fshabani"/>
    <property name="user.language" value="en"/>
    <property name="java.specification.vendor" value="Oracle Corporation"/>
    <property name="java.home" value="C:\Program Files\Java\jdk1.8.0_412\jre"/>
    <property name="basedir" value="C:\dev\junit-in-action-3rd-edition\ch01-jumpstart"/>
    <property name="file.separator" value="\"/>
    <property name="line.separator" value="&#10;"/>
    <property name="java.vm.specification.vendor" value="Oracle Corporation"/>
    <property name="java.specification.name" value="Java Platform API Specification"/>
    <property name="java.awt.graphicsenv" value="sun.awt.Win32GraphicsEnvironment"/>
    <property name="surefire.real.class.path" value="C:\Users\fshabani\AppData\Local\Temp\surefire946679535273897992\surefirebooter4445755055956107782.jar"/>
    <property name="sun.boot.class.path" value="C:\Program Files\Java\jdk1.8.0_412\jre\lib\resources.jar;C:\Program Files\Java\jdk1.8.0_412\jre\lib\rt.jar;C:\Program Files\Java\jdk1.8.0_412\jre\lib\sunrsasign.jar;C:\Program Files\Java\jdk1.8.0_412\jre\lib\jsse.jar;C:\Program Files\Java\jdk1.8.0_412\jre\lib\jce.jar;C:\Program Files\Java\jdk1.8.0_412\jre\lib\charsets.jar;C:\Program Files\Java\jdk1.8.0_412\jre\lib\jfr.jar;C:\Program Files\Java\jdk1.8.0_412\jre\classes"/>
    <property name="user.script" value=""/>
    <property name="sun.management.compiler" value="HotSpot 64-Bit Tiered Compilers"/>
    <property name="java.runtime.version" value="1.8.0_412-b08"/>
    <property name="user.name" value="fshabani"/>
    <property name="path.separator" value=";"/>
    <property name="os.version" value="10.0"/>
    <property name="java.endorsed.dirs" value="C:\Program Files\Java\jdk1.8.0_412\jre\lib\endorsed"/>
    <property name="java.runtime.name" value="OpenJDK Runtime Environment"/>
    <property name="file.encoding" value="Cp1252"/>
    <property name="java.vm.name" value="OpenJDK 64-Bit Server VM"/>
    <property name="localRepository" value="C:\Users\fshabani\.m2\repository"/>
    <property name="java.vendor.url.bug" value="https://github.com/corretto/corretto-8/issues/"/>
    <property name="java.io.tmpdir" value="C:\Users\fshabani\AppData\Local\Temp\"/>
    <property name="idea.version" value="2025.1.1.1"/>
    <property name="java.version" value="1.8.0_412"/>
    <property name="user.dir" value="C:\dev\junit-in-action-3rd-edition\ch01-jumpstart"/>
    <property name="os.arch" value="amd64"/>
    <property name="java.vm.specification.name" value="Java Virtual Machine Specification"/>
    <property name="java.awt.printerjob" value="sun.awt.windows.WPrinterJob"/>
    <property name="sun.os.patch.level" value=""/>
    <property name="java.library.path" value="C:\Program Files\Java\jdk1.8.0_412\jre\bin;C:\WINDOWS\Sun\Java\bin;C:\WINDOWS\system32;C:\WINDOWS;C:\WINDOWS\system32;C:\WINDOWS;C:\WINDOWS\System32\Wbem;C:\WINDOWS\System32\WindowsPowerShell\v1.0\;C:\WINDOWS\System32\OpenSSH\;C:\Program Files\dotnet\;C:\gradle\gradle-7.5\bin;C:\Program Files\teleport;C:\Program Files\Maven\apache-maven-3.9.6\bin;C:\Program Files\Java\jdk-17.0.2\bin;C:\Program Files\jq;C:\Program Files\base64;C:\Program Files\PuTTY\;C:\Program Files\Git\cmd;C:\Users\fshabani\AppData\Local\Microsoft\WindowsApps;C:\Program Files\JetBrains\IntelliJ IDEA 2022.1\bin;C:\Program Files\teleport;C:\Program Files\jq;C:\Program Files\base64;C:\Users\fshabani\AppData\Local\JetBrains\Toolbox\scripts;;C:\Users\fshabani\AppData\Local\Microsoft\WindowsApps;C:\Users\fshabani\AppData\Local\Programs\Rancher Desktop\resources\resources\win32\bin\;C:\Users\fshabani\AppData\Local\Programs\Rancher Desktop\resources\resources\win32\docker-cli-plugins\;C:\Users\fshabani\AppData\Local\Programs\Rancher Desktop\resources\resources\linux\bin\;C:\Users\fshabani\AppData\Local\Programs\Rancher Desktop\resources\resources\linux\docker-cli-plugins\;."/>
    <property name="java.vm.info" value="mixed mode"/>
    <property name="java.vendor" value="Amazon.com Inc."/>
    <property name="java.vm.version" value="25.412-b08"/>
    <property name="java.specification.maintenance.version" value="5"/>
    <property name="java.ext.dirs" value="C:\Program Files\Java\jdk1.8.0_412\jre\lib\ext;C:\WINDOWS\Sun\Java\lib\ext"/>
    <property name="sun.io.unicode.encoding" value="UnicodeLittle"/>
    <property name="java.class.version" value="52.0"/>
  </properties>
  <testcase name="testAdd" classname="com.manning.junitbook.CalculatorTest" time="0.014"/>
</testsuite>